<?xml version="1.0" encoding="UTF-8"?>
<testsuite name="stepdefs.TestRunner" time="0" tests="16" errors="0" skipped="16" failures="0">
  <properties>
    <property name="java.runtime.name" value="OpenJDK Runtime Environment"/>
    <property name="sun.boot.library.path" value="/usr/lib/jvm/java-8-openjdk-amd64/jre/lib/amd64"/>
    <property name="java.vm.version" value="25.265-b01"/>
    <property name="java.vm.vendor" value="Private Build"/>
    <property name="maven.multiModuleProjectDirectory" value="/home/ptupilicisco/eclipse-workspace/Simplilearn_cucumber"/>
    <property name="java.vendor.url" value="http://java.oracle.com/"/>
    <property name="path.separator" value=":"/>
    <property name="guice.disable.misplaced.annotation.check" value="true"/>
    <property name="java.vm.name" value="OpenJDK 64-Bit Server VM"/>
    <property name="file.encoding.pkg" value="sun.io"/>
    <property name="user.country" value="US"/>
    <property name="sun.java.launcher" value="SUN_STANDARD"/>
    <property name="sun.os.patch.level" value="unknown"/>
    <property name="java.vm.specification.name" value="Java Virtual Machine Specification"/>
    <property name="user.dir" value="/home/ptupilicisco/eclipse-workspace/Simplilearn_cucumber"/>
    <property name="java.runtime.version" value="1.8.0_265-8u265-b01-0ubuntu2~16.04-b01"/>
    <property name="java.awt.graphicsenv" value="sun.awt.X11GraphicsEnvironment"/>
    <property name="java.endorsed.dirs" value="/usr/lib/jvm/java-8-openjdk-amd64/jre/lib/endorsed"/>
    <property name="os.arch" value="amd64"/>
    <property name="java.io.tmpdir" value="/tmp"/>
    <property name="line.separator" value="&#10;"/>
    <property name="java.vm.specification.vendor" value="Oracle Corporation"/>
    <property name="os.name" value="Linux"/>
    <property name="classworlds.conf" value="/usr/share/maven/bin/m2.conf"/>
    <property name="sun.jnu.encoding" value="UTF-8"/>
    <property name="java.library.path" value="/usr/java/packages/lib/amd64:/usr/lib/x86_64-linux-gnu/jni:/lib/x86_64-linux-gnu:/usr/lib/x86_64-linux-gnu:/usr/lib/jni:/lib:/usr/lib"/>
    <property name="java.specification.name" value="Java Platform API Specification"/>
    <property name="java.class.version" value="52.0"/>
    <property name="sun.management.compiler" value="HotSpot 64-Bit Tiered Compilers"/>
    <property name="os.version" value="4.4.0-1113-aws"/>
    <property name="user.home" value="/home/ptupilicisco"/>
    <property name="user.timezone" value="Etc/UTC"/>
    <property name="java.awt.printerjob" value="sun.print.PSPrinterJob"/>
    <property name="file.encoding" value="UTF-8"/>
    <property name="java.specification.version" value="1.8"/>
    <property name="user.name" value="ptupilicisco"/>
    <property name="java.class.path" value="/usr/share/maven/boot/plexus-classworlds-2.x.jar"/>
    <property name="java.vm.specification.version" value="1.8"/>
    <property name="sun.arch.data.model" value="64"/>
    <property name="java.home" value="/usr/lib/jvm/java-8-openjdk-amd64/jre"/>
    <property name="sun.java.command" value="org.codehaus.plexus.classworlds.launcher.Launcher test"/>
    <property name="java.specification.vendor" value="Oracle Corporation"/>
    <property name="user.language" value="en"/>
    <property name="awt.toolkit" value="sun.awt.X11.XToolkit"/>
    <property name="java.vm.info" value="mixed mode"/>
    <property name="java.version" value="1.8.0_265"/>
    <property name="java.ext.dirs" value="/usr/lib/jvm/java-8-openjdk-amd64/jre/lib/ext:/usr/java/packages/lib/ext"/>
    <property name="securerandom.source" value="file:/dev/./urandom"/>
    <property name="sun.boot.class.path" value="/usr/lib/jvm/java-8-openjdk-amd64/jre/lib/resources.jar:/usr/lib/jvm/java-8-openjdk-amd64/jre/lib/rt.jar:/usr/lib/jvm/java-8-openjdk-amd64/jre/lib/sunrsasign.jar:/usr/lib/jvm/java-8-openjdk-amd64/jre/lib/jsse.jar:/usr/lib/jvm/java-8-openjdk-amd64/jre/lib/jce.jar:/usr/lib/jvm/java-8-openjdk-amd64/jre/lib/charsets.jar:/usr/lib/jvm/java-8-openjdk-amd64/jre/lib/jfr.jar:/usr/lib/jvm/java-8-openjdk-amd64/jre/classes"/>
    <property name="java.vendor" value="Private Build"/>
    <property name="maven.home" value="/usr/share/maven"/>
    <property name="file.separator" value="/"/>
    <property name="java.vendor.url.bug" value="http://bugreport.sun.com/bugreport/"/>
    <property name="sun.cpu.endian" value="little"/>
    <property name="sun.io.unicode.encoding" value="UnicodeLittle"/>
    <property name="sun.cpu.isalist" value=""/>
  </properties>
  <testcase name="Positive Login Scenario" classname="Login Feature" time="0">
    <skipped/>
    <system-out><![CDATA[@LoginFeature
Feature: Login Feature

  Background: Open the login page              # src/test/java/features/Login.feature:4
    Given User has navigated to the login page # null

  @LoginFeature @Regression @Sanity
  Scenario: Positive Login Scenario                    # src/test/java/features/Login.feature:8
    When User enters the correct username and password # null
    And User clicks on the logn button                 # null
    Then user should be navigated to the Home Page     # null
]]></system-out>
    <system-err><![CDATA[Nov 19, 2021 6:20:56 AM cucumber.runtime.filter.TagExpressionOld isOldTagExpression
WARNING: Found tags option '~@DataTable'. Support for '~@tag' will be removed from the next release of Cucumber-JVM. Please use 'not @tag' instead.
]]></system-err>
  </testcase>
  <testcase name="Positive Login Scenario" classname="Login Feature" time="0">
    <skipped/>
  </testcase>
  <testcase name="Positive Login Scenario" classname="Login Feature" time="0">
    <skipped/>
  </testcase>
  <testcase name="Positive Login Scenario" classname="Login Feature" time="0">
    <skipped/>
  </testcase>
  <testcase name="Positive Login with Parameters" classname="Login Feature" time="0">
    <skipped/>
    <system-out><![CDATA[
  Background: Open the login page              # src/test/java/features/Login.feature:4
    Given User has navigated to the login page # null

  @LoginFeature @Regression
  Scenario: Positive Login with Parameters                                      # src/test/java/features/Login.feature:14
    When User enters the correct username "abc@xyz.com" and password "Abc@1234" # null
    And User clicks on the logn button                                          # null
    Then user should be navigated to the Home Page                              # null
]]></system-out>
  </testcase>
  <testcase name="Positive Login with Parameters" classname="Login Feature" time="0">
    <skipped/>
  </testcase>
  <testcase name="Positive Login with Parameters" classname="Login Feature" time="0">
    <skipped/>
  </testcase>
  <testcase name="Positive Login with Parameters" classname="Login Feature" time="0">
    <skipped/>
  </testcase>
  <testcase name="Positive Login with Multiple Users" classname="Login Feature" time="0">
    <skipped/>
    <system-out><![CDATA[
  Scenario Outline: Positive Login with Multiple Users # src/test/java/features/Login.feature:19
    When User enters the correct username "<Username>" and password "<Password>"
    And User clicks on the logn button
    Then user should be navigated to the Home Page

    Examples: 

  Background: Open the login page              # src/test/java/features/Login.feature:4
    Given User has navigated to the login page # null

  @LoginFeature
  Scenario Outline: Positive Login with Multiple Users                           # src/test/java/features/Login.feature:26
    When User enters the correct username "abc@xyz.com" and password "Abc@12334" # null
    And User clicks on the logn button                                           # null
    Then user should be navigated to the Home Page                               # null
]]></system-out>
  </testcase>
  <testcase name="Positive Login with Multiple Users" classname="Login Feature" time="0">
    <skipped/>
  </testcase>
  <testcase name="Positive Login with Multiple Users" classname="Login Feature" time="0">
    <skipped/>
  </testcase>
  <testcase name="Positive Login with Multiple Users" classname="Login Feature" time="0">
    <skipped/>
  </testcase>
  <testcase name="Negative Login with Multiple Users" classname="Login Feature" time="0">
    <skipped/>
    <system-out><![CDATA[
  Scenario Outline: Negative Login with Multiple Users # src/test/java/features/Login.feature:28
    When User enters the correct username "<Username>" and password "<Password>"
    And User clicks on the logn button
    Then user should be get error message "<Error>"

    Examples: 

  Background: Open the login page              # src/test/java/features/Login.feature:4
    Given User has navigated to the login page # null

  @LoginFeature
  Scenario Outline: Negative Login with Multiple Users                                         # src/test/java/features/Login.feature:35
    When User enters the correct username "pink@xyz.com" and password "Def@1233"               # null
    And User clicks on the logn button                                                         # null
    Then user should be get error message "The email or password you have entered is invalid." # null
]]></system-out>
  </testcase>
  <testcase name="Negative Login with Multiple Users" classname="Login Feature" time="0">
    <skipped/>
  </testcase>
  <testcase name="Negative Login with Multiple Users" classname="Login Feature" time="0">
    <skipped/>
  </testcase>
  <testcase name="Negative Login with Multiple Users" classname="Login Feature" time="0">
    <skipped/>
  </testcase>
</testsuite>